<?xml version="1.0" encoding="UTF-8"?>
<!-- Generated by org.testng.reporters.JUnitReportReporter -->
<testsuite skipped="0" hostname="First-VAIO" name="WikiTest" tests="1" failures="0" timestamp="13 Feb 2018 01:39:45 GMT" time="9.511" errors="0">
  <testcase name="navigateTo" time="9.511" classname="WikiTest"/>
</testsuite> <!-- WikiTest -->
