<?xml version="1.0" encoding="UTF-8"?>
<!-- Generated by org.testng.reporters.JUnitReportReporter -->
<testsuite skipped="0" hostname="First-VAIO" name="SecondTest" tests="1" failures="0" timestamp="12 Feb 2018 22:23:50 GMT" time="18.610" errors="0">
  <testcase name="navigateTo" time="18.610" classname="SecondTest"/>
</testsuite> <!-- SecondTest -->
